<?xml version="1.0" encoding="UTF-8"?>
<testng-results skipped="0" failed="1" total="5" passed="4">
  <reporter-output>
  </reporter-output>
  <suite name="cse.NICinterpreterNGTest" duration-ms="395" started-at="2013-09-11T19:49:08Z" finished-at="2013-09-11T19:49:08Z">
    <groups>
    </groups>
    <test name="Command line test" duration-ms="395" started-at="2013-09-11T19:49:08Z" finished-at="2013-09-11T19:49:08Z">
      <class name="cse.NICinterpreterNGTest">
        <test-method status="PASS" signature="setUpClass()[pri:0, instance:cse.NICinterpreterNGTest@19cdbc83]" name="setUpClass" is-config="true" duration-ms="31" started-at="2013-09-12T01:19:08Z" finished-at="2013-09-12T01:19:08Z">
          <reporter-output>
          </reporter-output>
        </test-method> <!-- setUpClass -->
        <test-method status="PASS" signature="setUpMethod()[pri:0, instance:cse.NICinterpreterNGTest@19cdbc83]" name="setUpMethod" is-config="true" duration-ms="272" started-at="2013-09-12T01:19:08Z" finished-at="2013-09-12T01:19:08Z">
          <reporter-output>
          </reporter-output>
        </test-method> <!-- setUpMethod -->
        <test-method status="PASS" signature="testInterpretIDDay()[pri:0, instance:cse.NICinterpreterNGTest@19cdbc83]" name="testInterpretIDDay" duration-ms="11" started-at="2013-09-12T01:19:08Z" finished-at="2013-09-12T01:19:08Z">
          <reporter-output>
          </reporter-output>
        </test-method> <!-- testInterpretIDDay -->
        <test-method status="PASS" signature="tearDownMethod()[pri:0, instance:cse.NICinterpreterNGTest@19cdbc83]" name="tearDownMethod" is-config="true" duration-ms="1" started-at="2013-09-12T01:19:08Z" finished-at="2013-09-12T01:19:08Z">
          <reporter-output>
          </reporter-output>
        </test-method> <!-- tearDownMethod -->
        <test-method status="PASS" signature="setUpMethod()[pri:0, instance:cse.NICinterpreterNGTest@19cdbc83]" name="setUpMethod" is-config="true" duration-ms="2" started-at="2013-09-12T01:19:08Z" finished-at="2013-09-12T01:19:08Z">
          <reporter-output>
          </reporter-output>
        </test-method> <!-- setUpMethod -->
        <test-method status="PASS" signature="testInterpretIDMonth()[pri:0, instance:cse.NICinterpreterNGTest@19cdbc83]" name="testInterpretIDMonth" duration-ms="1" started-at="2013-09-12T01:19:08Z" finished-at="2013-09-12T01:19:08Z">
          <reporter-output>
          </reporter-output>
        </test-method> <!-- testInterpretIDMonth -->
        <test-method status="PASS" signature="tearDownMethod()[pri:0, instance:cse.NICinterpreterNGTest@19cdbc83]" name="tearDownMethod" is-config="true" duration-ms="1" started-at="2013-09-12T01:19:08Z" finished-at="2013-09-12T01:19:08Z">
          <reporter-output>
          </reporter-output>
        </test-method> <!-- tearDownMethod -->
        <test-method status="PASS" signature="setUpMethod()[pri:0, instance:cse.NICinterpreterNGTest@19cdbc83]" name="setUpMethod" is-config="true" duration-ms="1" started-at="2013-09-12T01:19:08Z" finished-at="2013-09-12T01:19:08Z">
          <reporter-output>
          </reporter-output>
        </test-method> <!-- setUpMethod -->
        <test-method status="FAIL" signature="testInterpretIDSex()[pri:0, instance:cse.NICinterpreterNGTest@19cdbc83]" name="testInterpretIDSex" duration-ms="4" started-at="2013-09-12T01:19:08Z" finished-at="2013-09-12T01:19:08Z">
          <exception class="java.lang.AssertionError">
            <message>
              <![CDATA[expected [Maley] but found [Male]]]>
            </message>
            <full-stacktrace>
              <![CDATA[java.lang.AssertionError: expected [Maley] but found [Male]
	at org.testng.Assert.fail(Assert.java:94)
	at org.testng.Assert.failNotEquals(Assert.java:494)
	at org.testng.Assert.assertEquals(Assert.java:123)
	at org.testng.Assert.assertEquals(Assert.java:176)
	at org.testng.Assert.assertEquals(Assert.java:186)
	at cse.NICinterpreterNGTest.testInterpretIDSex(NICinterpreterNGTest.java:86)
	at sun.reflect.NativeMethodAccessorImpl.invoke0(Native Method)
	at sun.reflect.NativeMethodAccessorImpl.invoke(NativeMethodAccessorImpl.java:57)
	at sun.reflect.DelegatingMethodAccessorImpl.invoke(DelegatingMethodAccessorImpl.java:43)
	at java.lang.reflect.Method.invoke(Method.java:601)
	at org.testng.internal.MethodInvocationHelper.invokeMethod(MethodInvocationHelper.java:84)
	at org.testng.internal.Invoker.invokeMethod(Invoker.java:714)
	at org.testng.internal.Invoker.invokeTestMethod(Invoker.java:901)
	at org.testng.internal.Invoker.invokeTestMethods(Invoker.java:1231)
	at org.testng.internal.TestMethodWorker.invokeTestMethods(TestMethodWorker.java:127)
	at org.testng.internal.TestMethodWorker.run(TestMethodWorker.java:111)
	at org.testng.TestRunner.privateRun(TestRunner.java:767)
	at org.testng.TestRunner.run(TestRunner.java:617)
	at org.testng.SuiteRunner.runTest(SuiteRunner.java:334)
	at org.testng.SuiteRunner.runSequentially(SuiteRunner.java:329)
	at org.testng.SuiteRunner.privateRun(SuiteRunner.java:291)
	at org.testng.SuiteRunner.run(SuiteRunner.java:240)
	at org.testng.SuiteRunnerWorker.runSuite(SuiteRunnerWorker.java:52)
	at org.testng.SuiteRunnerWorker.run(SuiteRunnerWorker.java:86)
	at org.testng.TestNG.runSuitesSequentially(TestNG.java:1224)
	at org.testng.TestNG.runSuitesLocally(TestNG.java:1149)
	at org.testng.TestNG.run(TestNG.java:1057)
	at org.apache.maven.surefire.testng.TestNGExecutor.run(TestNGExecutor.java:70)
	at org.apache.maven.surefire.testng.TestNGDirectoryTestSuite.execute(TestNGDirectoryTestSuite.java:109)
	at org.apache.maven.surefire.testng.TestNGProvider.invoke(TestNGProvider.java:111)
	at sun.reflect.NativeMethodAccessorImpl.invoke0(Native Method)
	at sun.reflect.NativeMethodAccessorImpl.invoke(NativeMethodAccessorImpl.java:57)
	at sun.reflect.DelegatingMethodAccessorImpl.invoke(DelegatingMethodAccessorImpl.java:43)
	at java.lang.reflect.Method.invoke(Method.java:601)
	at org.apache.maven.surefire.util.ReflectionUtils.invokeMethodWithArray(ReflectionUtils.java:164)
	at org.apache.maven.surefire.booter.ProviderFactory$ProviderProxy.invoke(ProviderFactory.java:110)
	at org.apache.maven.surefire.booter.SurefireStarter.invokeProvider(SurefireStarter.java:175)
	at org.apache.maven.surefire.booter.SurefireStarter.runSuitesInProcessWhenForked(SurefireStarter.java:107)
	at org.apache.maven.surefire.booter.ForkedBooter.main(ForkedBooter.java:68)
]]>
            </full-stacktrace>
          </exception> <!-- java.lang.AssertionError -->
          <reporter-output>
          </reporter-output>
        </test-method> <!-- testInterpretIDSex -->
        <test-method status="PASS" signature="tearDownMethod()[pri:0, instance:cse.NICinterpreterNGTest@19cdbc83]" name="tearDownMethod" is-config="true" duration-ms="1" started-at="2013-09-12T01:19:08Z" finished-at="2013-09-12T01:19:08Z">
          <reporter-output>
          </reporter-output>
        </test-method> <!-- tearDownMethod -->
        <test-method status="PASS" signature="setUpMethod()[pri:0, instance:cse.NICinterpreterNGTest@19cdbc83]" name="setUpMethod" is-config="true" duration-ms="1" started-at="2013-09-12T01:19:08Z" finished-at="2013-09-12T01:19:08Z">
          <reporter-output>
          </reporter-output>
        </test-method> <!-- setUpMethod -->
        <test-method status="PASS" signature="testInterpretIDVoter()[pri:0, instance:cse.NICinterpreterNGTest@19cdbc83]" name="testInterpretIDVoter" duration-ms="2" started-at="2013-09-12T01:19:08Z" finished-at="2013-09-12T01:19:08Z">
          <reporter-output>
          </reporter-output>
        </test-method> <!-- testInterpretIDVoter -->
        <test-method status="PASS" signature="tearDownMethod()[pri:0, instance:cse.NICinterpreterNGTest@19cdbc83]" name="tearDownMethod" is-config="true" duration-ms="1" started-at="2013-09-12T01:19:08Z" finished-at="2013-09-12T01:19:08Z">
          <reporter-output>
          </reporter-output>
        </test-method> <!-- tearDownMethod -->
        <test-method status="PASS" signature="setUpMethod()[pri:0, instance:cse.NICinterpreterNGTest@19cdbc83]" name="setUpMethod" is-config="true" duration-ms="1" started-at="2013-09-12T01:19:08Z" finished-at="2013-09-12T01:19:08Z">
          <reporter-output>
          </reporter-output>
        </test-method> <!-- setUpMethod -->
        <test-method status="PASS" signature="testInterpretIDYear()[pri:0, instance:cse.NICinterpreterNGTest@19cdbc83]" name="testInterpretIDYear" duration-ms="2" started-at="2013-09-12T01:19:08Z" finished-at="2013-09-12T01:19:08Z">
          <reporter-output>
          </reporter-output>
        </test-method> <!-- testInterpretIDYear -->
        <test-method status="PASS" signature="tearDownMethod()[pri:0, instance:cse.NICinterpreterNGTest@19cdbc83]" name="tearDownMethod" is-config="true" duration-ms="1" started-at="2013-09-12T01:19:08Z" finished-at="2013-09-12T01:19:08Z">
          <reporter-output>
          </reporter-output>
        </test-method> <!-- tearDownMethod -->
        <test-method status="PASS" signature="tearDownClass()[pri:0, instance:cse.NICinterpreterNGTest@19cdbc83]" name="tearDownClass" is-config="true" duration-ms="1" started-at="2013-09-12T01:19:08Z" finished-at="2013-09-12T01:19:08Z">
          <reporter-output>
          </reporter-output>
        </test-method> <!-- tearDownClass -->
      </class> <!-- cse.NICinterpreterNGTest -->
    </test> <!-- Command line test -->
  </suite> <!-- cse.NICinterpreterNGTest -->
</testng-results>
